2025-06-17T10:21:42.609+05:30  INFO 12884 --- [order-history-pdf-service] [restartedMain] o.s.o.OrderHistoryPdfServiceApplication  : Starting OrderHistoryPdfServiceApplication using Java 21.0.2 with PID 12884 (C:\srdev\projects\order-history-pdf\order-history-pdf-service\target\classes started by S6X8SF in C:\srdev\projects\order-history-pdf\order-history-pdf-service)
2025-06-17T10:21:42.617+05:30 DEBUG 12884 --- [order-history-pdf-service] [restartedMain] o.s.o.OrderHistoryPdfServiceApplication  : Running with Spring Boot v3.2.5, Spring v6.1.6
2025-06-17T10:21:42.619+05:30  INFO 12884 --- [order-history-pdf-service] [restartedMain] o.s.o.OrderHistoryPdfServiceApplication  : No active profile set, falling back to 1 default profile: "default"
2025-06-17T10:21:42.665+05:30  INFO 12884 --- [order-history-pdf-service] [restartedMain] .e.DevToolsPropertyDefaultsPostProcessor : Devtools property defaults active! Set 'spring.devtools.add-properties' to 'false' to disable
2025-06-17T10:21:42.665+05:30  INFO 12884 --- [order-history-pdf-service] [restartedMain] .e.DevToolsPropertyDefaultsPostProcessor : For additional web related logging consider setting the 'logging.level.web' property to 'DEBUG'
2025-06-17T10:21:43.317+05:30  INFO 12884 --- [order-history-pdf-service] [restartedMain] .s.d.r.c.RepositoryConfigurationDelegate : Bootstrapping Spring Data JPA repositories in DEFAULT mode.
2025-06-17T10:21:43.371+05:30  INFO 12884 --- [order-history-pdf-service] [restartedMain] .s.d.r.c.RepositoryConfigurationDelegate : Finished Spring Data repository scanning in 45 ms. Found 1 JPA repository interface.
2025-06-17T10:21:43.828+05:30  INFO 12884 --- [order-history-pdf-service] [restartedMain] o.s.b.w.embedded.tomcat.TomcatWebServer  : Tomcat initialized with port 8080 (http)
2025-06-17T10:21:43.839+05:30  INFO 12884 --- [order-history-pdf-service] [restartedMain] o.apache.catalina.core.StandardService   : Starting service [Tomcat]
2025-06-17T10:21:43.840+05:30  INFO 12884 --- [order-history-pdf-service] [restartedMain] o.apache.catalina.core.StandardEngine    : Starting Servlet engine: [Apache Tomcat/10.1.20]
2025-06-17T10:21:43.883+05:30  INFO 12884 --- [order-history-pdf-service] [restartedMain] o.a.c.c.C.[Tomcat].[localhost].[/]       : Initializing Spring embedded WebApplicationContext
2025-06-17T10:21:43.884+05:30  INFO 12884 --- [order-history-pdf-service] [restartedMain] w.s.c.ServletWebServerApplicationContext : Root WebApplicationContext: initialization completed in 1219 ms
2025-06-17T10:21:44.023+05:30  INFO 12884 --- [order-history-pdf-service] [restartedMain] o.hibernate.jpa.internal.util.LogHelper  : HHH000204: Processing PersistenceUnitInfo [name: default]
2025-06-17T10:21:44.118+05:30  INFO 12884 --- [order-history-pdf-service] [restartedMain] org.hibernate.Version                    : HHH000412: Hibernate ORM core version 6.4.4.Final
2025-06-17T10:21:44.162+05:30  INFO 12884 --- [order-history-pdf-service] [restartedMain] o.h.c.internal.RegionFactoryInitiator    : HHH000026: Second-level cache disabled
2025-06-17T10:21:44.430+05:30  INFO 12884 --- [order-history-pdf-service] [restartedMain] o.s.o.j.p.SpringPersistenceUnitInfo      : No LoadTimeWeaver setup: ignoring JPA class transformer
2025-06-17T10:21:44.458+05:30  INFO 12884 --- [order-history-pdf-service] [restartedMain] com.zaxxer.hikari.HikariDataSource       : HikariPool-1 - Starting...
2025-06-17T10:21:44.642+05:30  INFO 12884 --- [order-history-pdf-service] [restartedMain] com.zaxxer.hikari.pool.HikariPool        : HikariPool-1 - Added connection org.postgresql.jdbc.PgConnection@78b66f28
2025-06-17T10:21:44.643+05:30  INFO 12884 --- [order-history-pdf-service] [restartedMain] com.zaxxer.hikari.HikariDataSource       : HikariPool-1 - Start completed.
2025-06-17T10:21:44.707+05:30  WARN 12884 --- [order-history-pdf-service] [restartedMain] org.hibernate.orm.deprecation            : HHH90000025: PostgreSQLDialect does not need to be specified explicitly using 'hibernate.dialect' (remove the property setting and it will be selected by default)
2025-06-17T10:21:45.728+05:30  INFO 12884 --- [order-history-pdf-service] [restartedMain] o.h.e.t.j.p.i.JtaPlatformInitiator       : HHH000489: No JTA platform available (set 'hibernate.transaction.jta.platform' to enable JTA platform integration)
2025-06-17T10:21:45.731+05:30  INFO 12884 --- [order-history-pdf-service] [restartedMain] j.LocalContainerEntityManagerFactoryBean : Initialized JPA EntityManagerFactory for persistence unit 'default'
2025-06-17T10:21:46.093+05:30  WARN 12884 --- [order-history-pdf-service] [restartedMain] JpaBaseConfiguration$JpaWebConfiguration : spring.jpa.open-in-view is enabled by default. Therefore, database queries may be performed during view rendering. Explicitly configure spring.jpa.open-in-view to disable this warning
2025-06-17T10:21:46.381+05:30  INFO 12884 --- [order-history-pdf-service] [restartedMain] o.s.b.d.a.OptionalLiveReloadServer       : LiveReload server is running on port 35729
2025-06-17T10:21:46.410+05:30  INFO 12884 --- [order-history-pdf-service] [restartedMain] o.s.b.w.embedded.tomcat.TomcatWebServer  : Tomcat started on port 8080 (http) with context path ''
2025-06-17T10:21:46.417+05:30  INFO 12884 --- [order-history-pdf-service] [restartedMain] o.s.o.OrderHistoryPdfServiceApplication  : Started OrderHistoryPdfServiceApplication in 4.2 seconds (process running for 5.118)
2025-06-17T10:21:50.149+05:30  INFO 12884 --- [order-history-pdf-service] [http-nio-8080-exec-2] o.a.c.c.C.[Tomcat].[localhost].[/]       : Initializing Spring DispatcherServlet 'dispatcherServlet'
2025-06-17T10:21:50.149+05:30  INFO 12884 --- [order-history-pdf-service] [http-nio-8080-exec-2] o.s.web.servlet.DispatcherServlet        : Initializing Servlet 'dispatcherServlet'
2025-06-17T10:21:50.150+05:30  INFO 12884 --- [order-history-pdf-service] [http-nio-8080-exec-2] o.s.web.servlet.DispatcherServlet        : Completed initialization in 1 ms
2025-06-17T10:21:50.264+05:30  INFO 12884 --- [order-history-pdf-service] [http-nio-8080-exec-2] o.s.o.controller.OrderReportController   : Received report generation request for customerId=CUST001, from=2023-01-01, to=2023-05-31
2025-06-17T10:21:50.264+05:30  INFO 12884 --- [order-history-pdf-service] [http-nio-8080-exec-2] o.s.o.service.impl.OrderServiceImpl      : Fetching orders for customerId=CUST001, from=2023-01-01, to=2023-05-31
2025-06-17T10:21:50.408+05:30  INFO 12884 --- [order-history-pdf-service] [http-nio-8080-exec-2] o.s.o.service.impl.OrderServiceImpl      : Found 5 orders. Generating PDF report...
2025-06-17T10:21:50.616+05:30  INFO 12884 --- [order-history-pdf-service] [http-nio-8080-exec-2] o.s.o.util.PdfGeneratorUtil              : PDF report generated successfully.
2025-06-17T10:22:18.565+05:30  INFO 12884 --- [order-history-pdf-service] [http-nio-8080-exec-1] o.s.o.controller.OrderReportController   : Received report generation request for customerId=CUST001, from=2023-05-01, to=2023-01-31
2025-06-17T10:22:18.565+05:30  INFO 12884 --- [order-history-pdf-service] [http-nio-8080-exec-1] o.s.o.service.impl.OrderServiceImpl      : Fetching orders for customerId=CUST001, from=2023-05-01, to=2023-01-31
2025-06-17T10:22:18.570+05:30  WARN 12884 --- [order-history-pdf-service] [http-nio-8080-exec-1] o.s.o.exception.GlobalExceptionHandler   : Resource not found: No orders found for given customer and date range.
2025-06-17T10:22:18.591+05:30  WARN 12884 --- [order-history-pdf-service] [http-nio-8080-exec-1] .m.m.a.ExceptionHandlerExceptionResolver : Resolved [org.services.orderhistorypdfservice.exception.ResourceNotFoundException: No orders found for given customer and date range.]
2025-06-17T10:25:12.637+05:30  INFO 12884 --- [order-history-pdf-service] [File Watcher] rtingClassPathChangeChangedEventListener : Restarting due to 1 class path change (0 additions, 1 deletion, 0 modifications)
2025-06-17T10:25:12.647+05:30  INFO 12884 --- [order-history-pdf-service] [Thread-5] j.LocalContainerEntityManagerFactoryBean : Closing JPA EntityManagerFactory for persistence unit 'default'
2025-06-17T10:25:12.650+05:30  INFO 12884 --- [order-history-pdf-service] [Thread-5] com.zaxxer.hikari.HikariDataSource       : HikariPool-1 - Shutdown initiated...
2025-06-17T10:25:12.653+05:30  INFO 12884 --- [order-history-pdf-service] [Thread-5] com.zaxxer.hikari.HikariDataSource       : HikariPool-1 - Shutdown completed.
2025-06-17T10:25:12.778+05:30  INFO 12884 --- [order-history-pdf-service] [restartedMain] o.s.o.OrderHistoryPdfServiceApplication  : Starting OrderHistoryPdfServiceApplication using Java 21.0.2 with PID 12884 (C:\srdev\projects\order-history-pdf\order-history-pdf-service\target\classes started by S6X8SF in C:\srdev\projects\order-history-pdf\order-history-pdf-service)
2025-06-17T10:25:12.778+05:30 DEBUG 12884 --- [order-history-pdf-service] [restartedMain] o.s.o.OrderHistoryPdfServiceApplication  : Running with Spring Boot v3.2.5, Spring v6.1.6
2025-06-17T10:25:12.779+05:30  INFO 12884 --- [order-history-pdf-service] [restartedMain] o.s.o.OrderHistoryPdfServiceApplication  : No active profile set, falling back to 1 default profile: "default"
2025-06-17T10:25:12.939+05:30  INFO 12884 --- [order-history-pdf-service] [restartedMain] .s.d.r.c.RepositoryConfigurationDelegate : Bootstrapping Spring Data JPA repositories in DEFAULT mode.
2025-06-17T10:25:12.949+05:30  INFO 12884 --- [order-history-pdf-service] [restartedMain] .s.d.r.c.RepositoryConfigurationDelegate : Finished Spring Data repository scanning in 9 ms. Found 1 JPA repository interface.
2025-06-17T10:25:13.032+05:30  INFO 12884 --- [order-history-pdf-service] [restartedMain] o.s.b.w.embedded.tomcat.TomcatWebServer  : Tomcat initialized with port 8080 (http)
2025-06-17T10:25:13.032+05:30  INFO 12884 --- [order-history-pdf-service] [restartedMain] o.apache.catalina.core.StandardService   : Starting service [Tomcat]
2025-06-17T10:25:13.032+05:30  INFO 12884 --- [order-history-pdf-service] [restartedMain] o.apache.catalina.core.StandardEngine    : Starting Servlet engine: [Apache Tomcat/10.1.20]
2025-06-17T10:25:13.057+05:30  INFO 12884 --- [order-history-pdf-service] [restartedMain] o.a.c.c.C.[Tomcat].[localhost].[/]       : Initializing Spring embedded WebApplicationContext
2025-06-17T10:25:13.057+05:30  INFO 12884 --- [order-history-pdf-service] [restartedMain] w.s.c.ServletWebServerApplicationContext : Root WebApplicationContext: initialization completed in 276 ms
2025-06-17T10:25:13.090+05:30  INFO 12884 --- [order-history-pdf-service] [restartedMain] o.hibernate.jpa.internal.util.LogHelper  : HHH000204: Processing PersistenceUnitInfo [name: default]
2025-06-17T10:25:13.092+05:30  INFO 12884 --- [order-history-pdf-service] [restartedMain] o.h.c.internal.RegionFactoryInitiator    : HHH000026: Second-level cache disabled
2025-06-17T10:25:13.097+05:30  INFO 12884 --- [order-history-pdf-service] [restartedMain] o.s.o.j.p.SpringPersistenceUnitInfo      : No LoadTimeWeaver setup: ignoring JPA class transformer
2025-06-17T10:25:13.099+05:30  INFO 12884 --- [order-history-pdf-service] [restartedMain] com.zaxxer.hikari.HikariDataSource       : HikariPool-2 - Starting...
2025-06-17T10:25:13.162+05:30  INFO 12884 --- [order-history-pdf-service] [restartedMain] com.zaxxer.hikari.pool.HikariPool        : HikariPool-2 - Added connection org.postgresql.jdbc.PgConnection@7f8b3e0
2025-06-17T10:25:13.163+05:30  INFO 12884 --- [order-history-pdf-service] [restartedMain] com.zaxxer.hikari.HikariDataSource       : HikariPool-2 - Start completed.
2025-06-17T10:25:13.176+05:30  WARN 12884 --- [order-history-pdf-service] [restartedMain] org.hibernate.orm.deprecation            : HHH90000025: PostgreSQLDialect does not need to be specified explicitly using 'hibernate.dialect' (remove the property setting and it will be selected by default)
2025-06-17T10:25:13.211+05:30  INFO 12884 --- [order-history-pdf-service] [restartedMain] o.h.e.t.j.p.i.JtaPlatformInitiator       : HHH000489: No JTA platform available (set 'hibernate.transaction.jta.platform' to enable JTA platform integration)
2025-06-17T10:25:13.211+05:30  INFO 12884 --- [order-history-pdf-service] [restartedMain] j.LocalContainerEntityManagerFactoryBean : Initialized JPA EntityManagerFactory for persistence unit 'default'
2025-06-17T10:25:13.280+05:30  WARN 12884 --- [order-history-pdf-service] [restartedMain] JpaBaseConfiguration$JpaWebConfiguration : spring.jpa.open-in-view is enabled by default. Therefore, database queries may be performed during view rendering. Explicitly configure spring.jpa.open-in-view to disable this warning
2025-06-17T10:25:13.389+05:30  INFO 12884 --- [order-history-pdf-service] [restartedMain] o.s.b.d.a.OptionalLiveReloadServer       : LiveReload server is running on port 35729
2025-06-17T10:25:13.400+05:30  INFO 12884 --- [order-history-pdf-service] [restartedMain] o.s.b.w.embedded.tomcat.TomcatWebServer  : Tomcat started on port 8080 (http) with context path ''
2025-06-17T10:25:13.403+05:30  INFO 12884 --- [order-history-pdf-service] [restartedMain] o.s.o.OrderHistoryPdfServiceApplication  : Started OrderHistoryPdfServiceApplication in 0.651 seconds (process running for 212.127)
2025-06-17T10:25:13.406+05:30  INFO 12884 --- [order-history-pdf-service] [restartedMain] .ConditionEvaluationDeltaLoggingListener : Condition evaluation unchanged
2025-06-17T10:25:14.828+05:30  INFO 12884 --- [order-history-pdf-service] [File Watcher] rtingClassPathChangeChangedEventListener : Restarting due to 1 class path change (1 addition, 0 deletions, 0 modifications)
2025-06-17T10:25:14.833+05:30  INFO 12884 --- [order-history-pdf-service] [Thread-7] j.LocalContainerEntityManagerFactoryBean : Closing JPA EntityManagerFactory for persistence unit 'default'
2025-06-17T10:25:14.834+05:30  INFO 12884 --- [order-history-pdf-service] [Thread-7] com.zaxxer.hikari.HikariDataSource       : HikariPool-2 - Shutdown initiated...
2025-06-17T10:25:14.836+05:30  INFO 12884 --- [order-history-pdf-service] [Thread-7] com.zaxxer.hikari.HikariDataSource       : HikariPool-2 - Shutdown completed.
2025-06-17T10:25:14.934+05:30  INFO 12884 --- [order-history-pdf-service] [restartedMain] o.s.o.OrderHistoryPdfServiceApplication  : Starting OrderHistoryPdfServiceApplication using Java 21.0.2 with PID 12884 (C:\srdev\projects\order-history-pdf\order-history-pdf-service\target\classes started by S6X8SF in C:\srdev\projects\order-history-pdf\order-history-pdf-service)
2025-06-17T10:25:14.934+05:30 DEBUG 12884 --- [order-history-pdf-service] [restartedMain] o.s.o.OrderHistoryPdfServiceApplication  : Running with Spring Boot v3.2.5, Spring v6.1.6
2025-06-17T10:25:14.934+05:30  INFO 12884 --- [order-history-pdf-service] [restartedMain] o.s.o.OrderHistoryPdfServiceApplication  : No active profile set, falling back to 1 default profile: "default"
2025-06-17T10:25:15.068+05:30  INFO 12884 --- [order-history-pdf-service] [restartedMain] .s.d.r.c.RepositoryConfigurationDelegate : Bootstrapping Spring Data JPA repositories in DEFAULT mode.
2025-06-17T10:25:15.077+05:30  INFO 12884 --- [order-history-pdf-service] [restartedMain] .s.d.r.c.RepositoryConfigurationDelegate : Finished Spring Data repository scanning in 8 ms. Found 1 JPA repository interface.
2025-06-17T10:25:15.139+05:30  INFO 12884 --- [order-history-pdf-service] [restartedMain] o.s.b.w.embedded.tomcat.TomcatWebServer  : Tomcat initialized with port 8080 (http)
2025-06-17T10:25:15.141+05:30  INFO 12884 --- [order-history-pdf-service] [restartedMain] o.apache.catalina.core.StandardService   : Starting service [Tomcat]
2025-06-17T10:25:15.141+05:30  INFO 12884 --- [order-history-pdf-service] [restartedMain] o.apache.catalina.core.StandardEngine    : Starting Servlet engine: [Apache Tomcat/10.1.20]
2025-06-17T10:25:15.159+05:30  INFO 12884 --- [order-history-pdf-service] [restartedMain] o.a.c.c.C.[Tomcat].[localhost].[/]       : Initializing Spring embedded WebApplicationContext
2025-06-17T10:25:15.159+05:30  INFO 12884 --- [order-history-pdf-service] [restartedMain] w.s.c.ServletWebServerApplicationContext : Root WebApplicationContext: initialization completed in 223 ms
2025-06-17T10:25:15.181+05:30  INFO 12884 --- [order-history-pdf-service] [restartedMain] o.hibernate.jpa.internal.util.LogHelper  : HHH000204: Processing PersistenceUnitInfo [name: default]
2025-06-17T10:25:15.183+05:30  INFO 12884 --- [order-history-pdf-service] [restartedMain] o.h.c.internal.RegionFactoryInitiator    : HHH000026: Second-level cache disabled
2025-06-17T10:25:15.187+05:30  INFO 12884 --- [order-history-pdf-service] [restartedMain] o.s.o.j.p.SpringPersistenceUnitInfo      : No LoadTimeWeaver setup: ignoring JPA class transformer
2025-06-17T10:25:15.187+05:30  INFO 12884 --- [order-history-pdf-service] [restartedMain] com.zaxxer.hikari.HikariDataSource       : HikariPool-3 - Starting...
2025-06-17T10:25:15.243+05:30  INFO 12884 --- [order-history-pdf-service] [restartedMain] com.zaxxer.hikari.pool.HikariPool        : HikariPool-3 - Added connection org.postgresql.jdbc.PgConnection@58ae2911
2025-06-17T10:25:15.243+05:30  INFO 12884 --- [order-history-pdf-service] [restartedMain] com.zaxxer.hikari.HikariDataSource       : HikariPool-3 - Start completed.
2025-06-17T10:25:15.256+05:30  WARN 12884 --- [order-history-pdf-service] [restartedMain] org.hibernate.orm.deprecation            : HHH90000025: PostgreSQLDialect does not need to be specified explicitly using 'hibernate.dialect' (remove the property setting and it will be selected by default)
2025-06-17T10:25:15.284+05:30  INFO 12884 --- [order-history-pdf-service] [restartedMain] o.h.e.t.j.p.i.JtaPlatformInitiator       : HHH000489: No JTA platform available (set 'hibernate.transaction.jta.platform' to enable JTA platform integration)
2025-06-17T10:25:15.285+05:30  INFO 12884 --- [order-history-pdf-service] [restartedMain] j.LocalContainerEntityManagerFactoryBean : Initialized JPA EntityManagerFactory for persistence unit 'default'
2025-06-17T10:25:15.333+05:30  WARN 12884 --- [order-history-pdf-service] [restartedMain] JpaBaseConfiguration$JpaWebConfiguration : spring.jpa.open-in-view is enabled by default. Therefore, database queries may be performed during view rendering. Explicitly configure spring.jpa.open-in-view to disable this warning
2025-06-17T10:25:15.393+05:30  INFO 12884 --- [order-history-pdf-service] [restartedMain] o.s.b.d.a.OptionalLiveReloadServer       : LiveReload server is running on port 35729
2025-06-17T10:25:15.401+05:30  INFO 12884 --- [order-history-pdf-service] [restartedMain] o.s.b.w.embedded.tomcat.TomcatWebServer  : Tomcat started on port 8080 (http) with context path ''
2025-06-17T10:25:15.404+05:30  INFO 12884 --- [order-history-pdf-service] [restartedMain] o.s.o.OrderHistoryPdfServiceApplication  : Started OrderHistoryPdfServiceApplication in 0.493 seconds (process running for 214.127)
2025-06-17T10:25:15.404+05:30  INFO 12884 --- [order-history-pdf-service] [restartedMain] .ConditionEvaluationDeltaLoggingListener : Condition evaluation unchanged
2025-06-17T10:26:08.021+05:30  INFO 12884 --- [order-history-pdf-service] [SpringApplicationShutdownHook] j.LocalContainerEntityManagerFactoryBean : Closing JPA EntityManagerFactory for persistence unit 'default'
2025-06-17T10:26:08.022+05:30  INFO 12884 --- [order-history-pdf-service] [SpringApplicationShutdownHook] com.zaxxer.hikari.HikariDataSource       : HikariPool-3 - Shutdown initiated...
2025-06-17T10:26:08.024+05:30  INFO 12884 --- [order-history-pdf-service] [SpringApplicationShutdownHook] com.zaxxer.hikari.HikariDataSource       : HikariPool-3 - Shutdown completed.
2025-06-17T10:26:11.903+05:30  INFO 37480 --- [order-history-pdf-service] [restartedMain] o.s.o.OrderHistoryPdfServiceApplication  : Starting OrderHistoryPdfServiceApplication using Java 21.0.2 with PID 37480 (C:\srdev\projects\order-history-pdf\order-history-pdf-service\target\classes started by S6X8SF in C:\srdev\projects\order-history-pdf\order-history-pdf-service)
2025-06-17T10:26:11.905+05:30 DEBUG 37480 --- [order-history-pdf-service] [restartedMain] o.s.o.OrderHistoryPdfServiceApplication  : Running with Spring Boot v3.2.5, Spring v6.1.6
2025-06-17T10:26:11.905+05:30  INFO 37480 --- [order-history-pdf-service] [restartedMain] o.s.o.OrderHistoryPdfServiceApplication  : No active profile set, falling back to 1 default profile: "default"
2025-06-17T10:26:11.952+05:30  INFO 37480 --- [order-history-pdf-service] [restartedMain] .e.DevToolsPropertyDefaultsPostProcessor : Devtools property defaults active! Set 'spring.devtools.add-properties' to 'false' to disable
2025-06-17T10:26:11.952+05:30  INFO 37480 --- [order-history-pdf-service] [restartedMain] .e.DevToolsPropertyDefaultsPostProcessor : For additional web related logging consider setting the 'logging.level.web' property to 'DEBUG'
2025-06-17T10:26:12.435+05:30  INFO 37480 --- [order-history-pdf-service] [restartedMain] .s.d.r.c.RepositoryConfigurationDelegate : Bootstrapping Spring Data JPA repositories in DEFAULT mode.
2025-06-17T10:26:12.478+05:30  INFO 37480 --- [order-history-pdf-service] [restartedMain] .s.d.r.c.RepositoryConfigurationDelegate : Finished Spring Data repository scanning in 37 ms. Found 1 JPA repository interface.
2025-06-17T10:26:12.912+05:30  INFO 37480 --- [order-history-pdf-service] [restartedMain] o.s.b.w.embedded.tomcat.TomcatWebServer  : Tomcat initialized with port 8080 (http)
2025-06-17T10:26:12.921+05:30  INFO 37480 --- [order-history-pdf-service] [restartedMain] o.apache.catalina.core.StandardService   : Starting service [Tomcat]
2025-06-17T10:26:12.921+05:30  INFO 37480 --- [order-history-pdf-service] [restartedMain] o.apache.catalina.core.StandardEngine    : Starting Servlet engine: [Apache Tomcat/10.1.20]
2025-06-17T10:26:12.960+05:30  INFO 37480 --- [order-history-pdf-service] [restartedMain] o.a.c.c.C.[Tomcat].[localhost].[/]       : Initializing Spring embedded WebApplicationContext
2025-06-17T10:26:12.961+05:30  INFO 37480 --- [order-history-pdf-service] [restartedMain] w.s.c.ServletWebServerApplicationContext : Root WebApplicationContext: initialization completed in 1009 ms
2025-06-17T10:26:13.076+05:30  INFO 37480 --- [order-history-pdf-service] [restartedMain] o.hibernate.jpa.internal.util.LogHelper  : HHH000204: Processing PersistenceUnitInfo [name: default]
2025-06-17T10:26:13.115+05:30  INFO 37480 --- [order-history-pdf-service] [restartedMain] org.hibernate.Version                    : HHH000412: Hibernate ORM core version 6.4.4.Final
2025-06-17T10:26:13.144+05:30  INFO 37480 --- [order-history-pdf-service] [restartedMain] o.h.c.internal.RegionFactoryInitiator    : HHH000026: Second-level cache disabled
2025-06-17T10:26:13.341+05:30  INFO 37480 --- [order-history-pdf-service] [restartedMain] o.s.o.j.p.SpringPersistenceUnitInfo      : No LoadTimeWeaver setup: ignoring JPA class transformer
2025-06-17T10:26:13.362+05:30  INFO 37480 --- [order-history-pdf-service] [restartedMain] com.zaxxer.hikari.HikariDataSource       : HikariPool-1 - Starting...
2025-06-17T10:26:13.506+05:30  INFO 37480 --- [order-history-pdf-service] [restartedMain] com.zaxxer.hikari.pool.HikariPool        : HikariPool-1 - Added connection org.postgresql.jdbc.PgConnection@561a0c14
2025-06-17T10:26:13.507+05:30  INFO 37480 --- [order-history-pdf-service] [restartedMain] com.zaxxer.hikari.HikariDataSource       : HikariPool-1 - Start completed.
2025-06-17T10:26:13.539+05:30  WARN 37480 --- [order-history-pdf-service] [restartedMain] org.hibernate.orm.deprecation            : HHH90000025: PostgreSQLDialect does not need to be specified explicitly using 'hibernate.dialect' (remove the property setting and it will be selected by default)
2025-06-17T10:26:14.225+05:30  INFO 37480 --- [order-history-pdf-service] [restartedMain] o.h.e.t.j.p.i.JtaPlatformInitiator       : HHH000489: No JTA platform available (set 'hibernate.transaction.jta.platform' to enable JTA platform integration)
2025-06-17T10:26:14.227+05:30  INFO 37480 --- [order-history-pdf-service] [restartedMain] j.LocalContainerEntityManagerFactoryBean : Initialized JPA EntityManagerFactory for persistence unit 'default'
2025-06-17T10:26:14.491+05:30  WARN 37480 --- [order-history-pdf-service] [restartedMain] JpaBaseConfiguration$JpaWebConfiguration : spring.jpa.open-in-view is enabled by default. Therefore, database queries may be performed during view rendering. Explicitly configure spring.jpa.open-in-view to disable this warning
2025-06-17T10:26:14.747+05:30  INFO 37480 --- [order-history-pdf-service] [restartedMain] o.s.b.d.a.OptionalLiveReloadServer       : LiveReload server is running on port 35729
2025-06-17T10:26:14.780+05:30  INFO 37480 --- [order-history-pdf-service] [restartedMain] o.s.b.w.embedded.tomcat.TomcatWebServer  : Tomcat started on port 8080 (http) with context path ''
2025-06-17T10:26:14.787+05:30  INFO 37480 --- [order-history-pdf-service] [restartedMain] o.s.o.OrderHistoryPdfServiceApplication  : Started OrderHistoryPdfServiceApplication in 3.303 seconds (process running for 3.931)
2025-06-17T10:26:19.951+05:30  INFO 37480 --- [order-history-pdf-service] [http-nio-8080-exec-1] o.a.c.c.C.[Tomcat].[localhost].[/]       : Initializing Spring DispatcherServlet 'dispatcherServlet'
2025-06-17T10:26:19.951+05:30  INFO 37480 --- [order-history-pdf-service] [http-nio-8080-exec-1] o.s.web.servlet.DispatcherServlet        : Initializing Servlet 'dispatcherServlet'
2025-06-17T10:26:19.952+05:30  INFO 37480 --- [order-history-pdf-service] [http-nio-8080-exec-1] o.s.web.servlet.DispatcherServlet        : Completed initialization in 1 ms
2025-06-17T10:26:20.068+05:30  INFO 37480 --- [order-history-pdf-service] [http-nio-8080-exec-1] o.s.o.controller.OrderReportController   : Received report generation request for customerId=CUST001, from=2023-05-01, to=2023-01-31
2025-06-17T10:26:20.068+05:30  INFO 37480 --- [order-history-pdf-service] [http-nio-8080-exec-1] o.s.o.service.impl.OrderServiceImpl      : Fetching orders for customerId=CUST001, from=2023-05-01, to=2023-01-31
2025-06-17T10:26:20.070+05:30  WARN 37480 --- [order-history-pdf-service] [http-nio-8080-exec-1] o.s.o.exception.GlobalExceptionHandler   : Invalid input: From date cannot be after To date
2025-06-17T10:26:20.094+05:30  WARN 37480 --- [order-history-pdf-service] [http-nio-8080-exec-1] .m.m.a.ExceptionHandlerExceptionResolver : Resolved [java.lang.IllegalArgumentException: From date cannot be after To date]
2025-06-17T10:27:51.826+05:30  INFO 37480 --- [order-history-pdf-service] [SpringApplicationShutdownHook] j.LocalContainerEntityManagerFactoryBean : Closing JPA EntityManagerFactory for persistence unit 'default'
2025-06-17T10:27:51.829+05:30  INFO 37480 --- [order-history-pdf-service] [SpringApplicationShutdownHook] com.zaxxer.hikari.HikariDataSource       : HikariPool-1 - Shutdown initiated...
2025-06-17T10:27:51.832+05:30  INFO 37480 --- [order-history-pdf-service] [SpringApplicationShutdownHook] com.zaxxer.hikari.HikariDataSource       : HikariPool-1 - Shutdown completed.
